<?xml version="1.0" encoding="UTF-8"?>
<testsuite xmlns:xsi="http://www.w3.org/2001/XMLSchema-instance" xsi:noNamespaceSchemaLocation="https://maven.apache.org/surefire/maven-surefire-plugin/xsd/surefire-test-report.xsd" version="3.0.2" name="com.webshop.backend.WebshopBackendApplicationTests" time="8.504" tests="1" errors="0" skipped="0" failures="0">
  <properties>
[...]
</properties>
  <testcase name="contextLoads" classname="com.webshop.backend.WebshopBackendApplicationTests" time="0.439">
    <system-out><![CDATA[12:19:46.185 [main] INFO org.springframework.test.context.support.AnnotationConfigContextLoaderUtils -- Could not detect default configuration classes for test class [com.webshop.backend.WebshopBackendApplicationTests]: WebshopBackendApplicationTests does not declare any static, non-private, non-final, nested classes annotated with @Configuration.
12:19:46.299 [main] INFO org.springframework.boot.test.context.SpringBootTestContextBootstrapper -- Found @SpringBootConfiguration com.webshop.backend.WebshopBackendApplication for test class com.webshop.backend.WebshopBackendApplicationTests

  .   ____          _            __ _ _
 /\\ / ___'_ __ _ _(_)_ __  __ _ \ \ \ \
( ( )\___ | '_ | '_| | '_ \/ _` | \ \ \ \
 \\/  ___)| |_)| | | | | || (_| |  ) ) ) )
  '  |____| .__|_| |_|_| |_\__, | / / / /
 =========|_|==============|___/=/_/_/_/

 :: Spring Boot ::                (v3.4.2)

2025-02-24T12:19:46.702+01:00  INFO 23408 --- [Webshop-Backend] [           main] c.w.b.WebshopBackendApplicationTests     : Starting WebshopBackendApplicationTests using Java 23.0.2 with PID 23408 (started by aerik in C:\Users\aerik\IdeaProjects\Cloud-ComputingNewUpdate\Backend)
2025-02-24T12:19:46.703+01:00  INFO 23408 --- [Webshop-Backend] [           main] c.w.b.WebshopBackendApplicationTests     : No active profile set, falling back to 1 default profile: "default"
2025-02-24T12:19:46.731+01:00 DEBUG 23408 --- [Webshop-Backend] [           main] o.s.w.c.s.GenericWebApplicationContext   : Refreshing org.springframework.web.context.support.GenericWebApplicationContext@1af1347d
2025-02-24T12:19:47.506+01:00  INFO 23408 --- [Webshop-Backend] [           main] .s.d.r.c.RepositoryConfigurationDelegate : Bootstrapping Spring Data JPA repositories in DEFAULT mode.
2025-02-24T12:19:47.565+01:00  INFO 23408 --- [Webshop-Backend] [           main] .s.d.r.c.RepositoryConfigurationDelegate : Finished Spring Data repository scanning in 47 ms. Found 4 JPA repository interfaces.
2025-02-24T12:19:48.158+01:00  INFO 23408 --- [Webshop-Backend] [           main] o.hibernate.jpa.internal.util.LogHelper  : HHH000204: Processing PersistenceUnitInfo [name: default]
2025-02-24T12:19:48.222+01:00  INFO 23408 --- [Webshop-Backend] [           main] org.hibernate.Version                    : HHH000412: Hibernate ORM core version 6.6.5.Final
2025-02-24T12:19:48.247+01:00  INFO 23408 --- [Webshop-Backend] [           main] o.h.c.internal.RegionFactoryInitiator    : HHH000026: Second-level cache disabled
2025-02-24T12:19:48.581+01:00  INFO 23408 --- [Webshop-Backend] [           main] o.s.o.j.p.SpringPersistenceUnitInfo      : No LoadTimeWeaver setup: ignoring JPA class transformer
2025-02-24T12:19:48.607+01:00  INFO 23408 --- [Webshop-Backend] [           main] com.zaxxer.hikari.HikariDataSource       : HikariPool-1 - Starting...
2025-02-24T12:19:49.902+01:00  INFO 23408 --- [Webshop-Backend] [           main] com.zaxxer.hikari.pool.HikariPool        : HikariPool-1 - Added connection org.postgresql.jdbc.PgConnection@4269aad7
2025-02-24T12:19:49.903+01:00  INFO 23408 --- [Webshop-Backend] [           main] com.zaxxer.hikari.HikariDataSource       : HikariPool-1 - Start completed.
2025-02-24T12:19:50.037+01:00  WARN 23408 --- [Webshop-Backend] [           main] org.hibernate.orm.deprecation            : HHH90000025: PostgreSQLDialect does not need to be specified explicitly using 'hibernate.dialect' (remove the property setting and it will be selected by default)
2025-02-24T12:19:50.252+01:00  INFO 23408 --- [Webshop-Backend] [           main] org.hibernate.orm.connections.pooling    : HHH10001005: Database info:
	Database JDBC URL [Connecting through datasource 'HikariDataSource (HikariPool-1)']
	Database driver: undefined/unknown
	Database version: 16.3
	Autocommit mode: undefined/unknown
	Isolation level: undefined/unknown
	Minimum pool size: undefined/unknown
	Maximum pool size: undefined/unknown
2025-02-24T12:19:50.995+01:00  INFO 23408 --- [Webshop-Backend] [           main] o.h.e.t.j.p.i.JtaPlatformInitiator       : HHH000489: No JTA platform available (set 'hibernate.transaction.jta.platform' to enable JTA platform integration)
2025-02-24T12:19:52.786+01:00  INFO 23408 --- [Webshop-Backend] [           main] j.LocalContainerEntityManagerFactoryBean : Initialized JPA EntityManagerFactory for persistence unit 'default'
2025-02-24T12:19:53.556+01:00  WARN 23408 --- [Webshop-Backend] [           main] JpaBaseConfiguration$JpaWebConfiguration : spring.jpa.open-in-view is enabled by default. Therefore, database queries may be performed during view rendering. Explicitly configure spring.jpa.open-in-view to disable this warning
2025-02-24T12:19:53.633+01:00 DEBUG 23408 --- [Webshop-Backend] [           main] s.w.s.m.m.a.RequestMappingHandlerMapping : 18 mappings in 'requestMappingHandlerMapping'
2025-02-24T12:19:53.820+01:00 DEBUG 23408 --- [Webshop-Backend] [           main] o.s.w.s.handler.SimpleUrlHandlerMapping  : Patterns [/webjars/**, /**] in 'resourceHandlerMapping'
2025-02-24T12:19:53.885+01:00 DEBUG 23408 --- [Webshop-Backend] [           main] s.w.s.m.m.a.RequestMappingHandlerAdapter : ControllerAdvice beans: 0 @ModelAttribute, 0 @InitBinder, 1 RequestBodyAdvice, 1 ResponseBodyAdvice
2025-02-24T12:19:53.937+01:00 DEBUG 23408 --- [Webshop-Backend] [           main] .m.m.a.ExceptionHandlerExceptionResolver : ControllerAdvice beans: 0 @ExceptionHandler, 1 ResponseBodyAdvice
2025-02-24T12:19:54.075+01:00  INFO 23408 --- [Webshop-Backend] [           main] c.w.b.WebshopBackendApplicationTests     : Started WebshopBackendApplicationTests in 7.636 seconds (process running for 9.022)
]]></system-out>
    <system-err><![CDATA[Mockito is currently self-attaching to enable the inline-mock-maker. This will no longer work in future releases of the JDK. Please add Mockito as an agent to your build what is described in Mockito's documentation: https://javadoc.io/doc/org.mockito/mockito-core/latest/org/mockito/Mockito.html#0.3
WARNING: A Java agent has been loaded dynamically (C:\Users\aerik\.m2\repository\net\bytebuddy\byte-buddy-agent\1.15.11\byte-buddy-agent-1.15.11.jar)
WARNING: If a serviceability tool is in use, please run with -XX:+EnableDynamicAgentLoading to hide this warning
WARNING: If a serviceability tool is not in use, please run with -Djdk.instrument.traceUsage for more information
WARNING: Dynamic loading of agents will be disallowed by default in a future release
]]></system-err>
  </testcase>
</testsuite>